2011-05-30 14:30:25+0800 [-] Log opened.
2011-05-30 14:30:25+0800 [-] PNFS 0.7.0 (/usr/bin/python 2.6.1) starting up
2011-05-30 14:30:25+0800 [-] reactor class: <class 'twisted.internet.selectreactor.SelectReactor'>
2011-05-30 14:30:25+0800 [-] pn.fs.server.PNFSFactory starting on 7001
2011-05-30 14:30:25+0800 [-] Starting factory <pn.fs.server.PNFSFactory instance at 0x1016f3fc8>
2011-05-30 14:30:25+0800 [-] adbapi connecting: MySQLdb {'passwd': '123456', 'host': '192.168.1.48', 'db': 'pnfs_cluster', 'user': 'btoc365', 'port': 3306}
2011-05-30 14:30:25+0800 [-] Exec SQL: SELECT db_id, shard_id, role, host, port, db_name, username, password, extra_params FROM pnc_databases
2011-05-30 14:30:25+0800 [-] adbapi connecting: MySQLdb {'passwd': '123456', 'host': '192.168.1.48', 'db': 'pnfs_cluster', 'user': 'btoc365', 'port': 3306}
2011-05-30 14:30:25+0800 [-] Exec SQL: SELECT shard_id, weight FROM pnc_shards
2011-05-30 14:30:25+0800 [-] Init shard <Shard at 0x101996e50>{shard_id=1, weight=1}
2011-05-30 14:30:25+0800 [-] Finish cluster initialzing.
2011-05-30 14:36:02+0800 [-] Log opened.
2011-05-30 14:36:02+0800 [-] PNFS 0.7.0 (/usr/bin/python 2.6.1) starting up
2011-05-30 14:36:02+0800 [-] reactor class: <class 'twisted.internet.selectreactor.SelectReactor'>
2011-05-30 14:36:02+0800 [-] pn.fs.server.PNFSFactory starting on 7001
2011-05-30 14:36:02+0800 [-] Starting factory <pn.fs.server.PNFSFactory instance at 0x1016f3fc8>
2011-05-30 14:36:02+0800 [-] adbapi connecting: MySQLdb {'passwd': '123456', 'host': '192.168.1.48', 'db': 'pnfs_cluster', 'user': 'btoc365', 'port': 3306}
2011-05-30 14:36:02+0800 [-] Exec SQL: SELECT db_id, shard_id, role, host, port, db_name, username, password, extra_params FROM pnc_databases
2011-05-30 14:36:02+0800 [-] adbapi connecting: MySQLdb {'passwd': '123456', 'host': '192.168.1.48', 'db': 'pnfs_cluster', 'user': 'btoc365', 'port': 3306}
2011-05-30 14:36:02+0800 [-] Exec SQL: SELECT shard_id, weight FROM pnc_shards
2011-05-30 14:36:02+0800 [-] Init shard <Shard at 0x101996e50>{shard_id=1, weight=1}
2011-05-30 14:36:02+0800 [-] Finish cluster initialzing.
2011-05-30 14:39:13+0800 [-] Log opened.
2011-05-30 14:39:13+0800 [-] PNFS 0.7.0 (/usr/bin/python 2.6.1) starting up
2011-05-30 14:39:13+0800 [-] reactor class: <class 'twisted.internet.selectreactor.SelectReactor'>
2011-05-30 14:39:13+0800 [-] pn.fs.server.PNFSFactory starting on 7001
2011-05-30 14:39:13+0800 [-] Starting factory <pn.fs.server.PNFSFactory instance at 0x1016f3fc8>
2011-05-30 14:39:13+0800 [-] adbapi connecting: MySQLdb {'passwd': '123456', 'host': '192.168.1.48', 'db': 'pnfs_cluster', 'user': 'btoc365', 'port': 3306}
2011-05-30 14:39:13+0800 [-] Exec SQL: SELECT db_id, shard_id, role, host, port, db_name, username, password, extra_params FROM pnc_databases
2011-05-30 14:39:13+0800 [-] adbapi connecting: MySQLdb {'passwd': '123456', 'host': '192.168.1.48', 'db': 'pnfs_cluster', 'user': 'btoc365', 'port': 3306}
2011-05-30 14:39:13+0800 [-] Exec SQL: SELECT shard_id, weight FROM pnc_shards
2011-05-30 14:39:13+0800 [-] Init shard <Shard at 0x101996e50>{shard_id=1, weight=1}
2011-05-30 14:39:13+0800 [-] Finish cluster initialzing.
2011-05-30 14:39:23+0800 [-] Log opened.
2011-05-30 14:39:23+0800 [-] PNFS 0.7.0 (/usr/bin/python 2.6.1) starting up
2011-05-30 14:39:23+0800 [-] reactor class: <class 'twisted.internet.selectreactor.SelectReactor'>
2011-05-30 14:39:23+0800 [-] pn.fs.server.PNFSFactory starting on 7001
2011-05-30 14:39:23+0800 [-] Starting factory <pn.fs.server.PNFSFactory instance at 0x1016f3fc8>
2011-05-30 14:39:23+0800 [-] adbapi connecting: MySQLdb {'passwd': '123456', 'host': '192.168.1.48', 'db': 'pnfs_cluster', 'user': 'btoc365', 'port': 3306}
2011-05-30 14:39:23+0800 [-] Exec SQL: SELECT db_id, shard_id, role, host, port, db_name, username, password, extra_params FROM pnc_databases
2011-05-30 14:39:23+0800 [-] adbapi connecting: MySQLdb {'passwd': '123456', 'host': '192.168.1.48', 'db': 'pnfs_cluster', 'user': 'btoc365', 'port': 3306}
2011-05-30 14:39:23+0800 [-] Exec SQL: SELECT shard_id, weight FROM pnc_shards
2011-05-30 14:39:23+0800 [-] Init shard <Shard at 0x1019485d0>{shard_id=1, weight=1}
2011-05-30 14:39:23+0800 [-] Finish cluster initialzing.
2011-05-30 14:41:47+0800 [-] Log opened.
2011-05-30 14:41:47+0800 [-] PNFS 0.7.0 (/usr/bin/python 2.6.1) starting up
2011-05-30 14:41:47+0800 [-] reactor class: <class 'twisted.internet.selectreactor.SelectReactor'>
2011-05-30 14:41:47+0800 [-] pn.fs.server.PNFSFactory starting on 7001
2011-05-30 14:41:47+0800 [-] Starting factory <pn.fs.server.PNFSFactory instance at 0x1016f3fc8>
2011-05-30 14:41:47+0800 [-] adbapi connecting: MySQLdb {'passwd': '123456', 'host': '192.168.1.48', 'db': 'pnfs_cluster', 'user': 'btoc365', 'port': 3306}
2011-05-30 14:41:47+0800 [-] Exec SQL: SELECT db_id, shard_id, role, host, port, db_name, username, password, extra_params FROM pnc_databases
2011-05-30 14:41:47+0800 [-] adbapi connecting: MySQLdb {'passwd': '123456', 'host': '192.168.1.48', 'db': 'pnfs_cluster', 'user': 'btoc365', 'port': 3306}
2011-05-30 14:41:47+0800 [-] Exec SQL: SELECT shard_id, weight FROM pnc_shards
2011-05-30 14:41:47+0800 [-] Init shard <Shard at 0x101946890>{shard_id=1, weight=1}
2011-05-30 14:41:47+0800 [-] Finish cluster initialzing.
